<?xml version="1.0" encoding="utf-8"?><testsuites><testsuite name="pytest" errors="0" failures="0" skipped="0" tests="6" time="1.849" timestamp="2023-07-24T07:00:30.680886" hostname="baymax"><testcase classname="tests.test_transformer" name="test_transforms_dataframe[1-group0]" time="0.005" /><testcase classname="tests.test_transformer" name="test_transforms_dataframe[-1-group1]" time="1.245" /><testcase classname="tests.test_transformer" name="test_transforms_dataframe[1-group2]" time="0.003" /><testcase classname="tests.test_transformer" name="test_transforms_dataframe[-1-group3]" time="0.228" /><testcase classname="tests.test_transformer" name="test_transforms_dataframe[1-group4]" time="0.005" /><testcase classname="tests.test_transformer" name="test_transforms_dataframe[-1-group5]" time="0.140" /></testsuite></testsuites>
