<?xml version="1.0" encoding="utf-8"?><testsuites><testsuite name="pytest" errors="0" failures="0" skipped="0" tests="6" time="1.260" timestamp="2023-07-22T15:57:12.881162" hostname="baymax"><testcase classname="tests.test_transformer" name="test_transforms[1-group0]" time="0.001" /><testcase classname="tests.test_transformer" name="test_transforms[-1-group1]" time="0.672" /><testcase classname="tests.test_transformer" name="test_transforms[1-group2]" time="0.001" /><testcase classname="tests.test_transformer" name="test_transforms[-1-group3]" time="0.131" /><testcase classname="tests.test_transformer" name="test_transforms[1-group4]" time="0.001" /><testcase classname="tests.test_transformer" name="test_transforms[-1-group5]" time="0.087" /></testsuite></testsuites>
